<?xml version="1.0" encoding="UTF-8"?>
<!-- Generated by org.testng.reporters.JUnitXMLReporter -->
<testsuite hostname="DESKTOP-EVNNH1F" ignored="0" name="Default test" tests="3" failures="0" timestamp="08 Oct 2018 09:30:30 GMT" time="119.174" errors="0">
  <testcase name="CreateItemDefTest" time="20.424" classname="com.erp.qa.testcases.Admin.ItemDefinationPageTest"/>
  <testcase name="VerifySearchItemDefTest" time="5.144" classname="com.erp.qa.testcases.Admin.ItemDefinationPageTest"/>
  <testcase name="VerifyEditedItemDefTest" time="13.701" classname="com.erp.qa.testcases.Admin.ItemDefinationPageTest"/>
</testsuite> <!-- Default test -->
