<?xml version="1.0" encoding="UTF-8"?>
<testng-results skipped="0" failed="0" ignored="0" total="3" passed="3">
  <reporter-output>
  </reporter-output>
  <suite name="Default suite" duration-ms="106262" started-at="2018-08-21T12:45:07Z" finished-at="2018-08-21T12:46:53Z">
    <groups>
    </groups>
    <test name="Default test" duration-ms="106262" started-at="2018-08-21T12:45:07Z" finished-at="2018-08-21T12:46:53Z">
      <class name="com.erp.qa.testcases.Admin.LocationsPageTest">
        <test-method status="PASS" signature="setUp()[pri:0, instance:com.erp.qa.testcases.Admin.LocationsPageTest@dafa95]" name="setUp" is-config="true" duration-ms="25123" started-at="2018-08-21T18:15:07Z" finished-at="2018-08-21T18:15:32Z">
          <reporter-output>
          </reporter-output>
        </test-method> <!-- setUp -->
        <test-method status="PASS" signature="CreateLocation(java.lang.String, java.lang.String, java.lang.String, java.lang.String, java.lang.String, java.lang.String, java.lang.String)[pri:1, instance:com.erp.qa.testcases.Admin.LocationsPageTest@dafa95]" name="CreateLocation" duration-ms="16151" started-at="2018-08-21T18:15:32Z" data-provider="getTreaTestData" finished-at="2018-08-21T18:15:49Z">
          <params>
            <param index="0">
              <value>
                <![CDATA[Fixed]]>
              </value>
            </param>
            <param index="1">
              <value>
                <![CDATA[Warehouse Test]]>
              </value>
            </param>
            <param index="2">
              <value>
                <![CDATA[WT]]>
              </value>
            </param>
            <param index="3">
              <value>
                <![CDATA[Viman Nagar, Pune, Maharashtra, India]]>
              </value>
            </param>
            <param index="4">
              <value>
                <![CDATA[WingA]]>
              </value>
            </param>
            <param index="5">
              <value>
                <![CDATA[Named]]>
              </value>
            </param>
            <param index="6">
              <value>
                <![CDATA[NE]]>
              </value>
            </param>
          </params>
          <reporter-output>
          </reporter-output>
        </test-method> <!-- CreateLocation -->
        <test-method status="PASS" signature="tearDown()[pri:0, instance:com.erp.qa.testcases.Admin.LocationsPageTest@dafa95]" name="tearDown" is-config="true" duration-ms="668" started-at="2018-08-21T18:15:49Z" finished-at="2018-08-21T18:15:49Z">
          <reporter-output>
          </reporter-output>
        </test-method> <!-- tearDown -->
        <test-method status="PASS" signature="setUp()[pri:0, instance:com.erp.qa.testcases.Admin.LocationsPageTest@dafa95]" name="setUp" is-config="true" duration-ms="24484" started-at="2018-08-21T18:15:49Z" finished-at="2018-08-21T18:16:14Z">
          <reporter-output>
          </reporter-output>
        </test-method> <!-- setUp -->
        <test-method status="PASS" signature="VerifySearchedLocation(java.lang.String, java.lang.String, java.lang.String, java.lang.String, java.lang.String, java.lang.String, java.lang.String)[pri:2, instance:com.erp.qa.testcases.Admin.LocationsPageTest@dafa95]" name="VerifySearchedLocation" duration-ms="6448" started-at="2018-08-21T18:16:14Z" data-provider="getTreaTestData" finished-at="2018-08-21T18:16:20Z">
          <params>
            <param index="0">
              <value>
                <![CDATA[Fixed]]>
              </value>
            </param>
            <param index="1">
              <value>
                <![CDATA[Warehouse Test]]>
              </value>
            </param>
            <param index="2">
              <value>
                <![CDATA[WT]]>
              </value>
            </param>
            <param index="3">
              <value>
                <![CDATA[Viman Nagar, Pune, Maharashtra, India]]>
              </value>
            </param>
            <param index="4">
              <value>
                <![CDATA[WingA]]>
              </value>
            </param>
            <param index="5">
              <value>
                <![CDATA[Named]]>
              </value>
            </param>
            <param index="6">
              <value>
                <![CDATA[NE]]>
              </value>
            </param>
          </params>
          <reporter-output>
          </reporter-output>
        </test-method> <!-- VerifySearchedLocation -->
        <test-method status="PASS" signature="tearDown()[pri:0, instance:com.erp.qa.testcases.Admin.LocationsPageTest@dafa95]" name="tearDown" is-config="true" duration-ms="618" started-at="2018-08-21T18:16:20Z" finished-at="2018-08-21T18:16:21Z">
          <reporter-output>
          </reporter-output>
        </test-method> <!-- tearDown -->
        <test-method status="PASS" signature="setUp()[pri:0, instance:com.erp.qa.testcases.Admin.LocationsPageTest@dafa95]" name="setUp" is-config="true" duration-ms="25482" started-at="2018-08-21T18:16:21Z" finished-at="2018-08-21T18:16:46Z">
          <reporter-output>
          </reporter-output>
        </test-method> <!-- setUp -->
        <test-method status="PASS" signature="DeleteLocation(java.lang.String, java.lang.String, java.lang.String, java.lang.String, java.lang.String, java.lang.String, java.lang.String)[pri:3, instance:com.erp.qa.testcases.Admin.LocationsPageTest@dafa95]" name="DeleteLocation" duration-ms="6428" started-at="2018-08-21T18:16:46Z" data-provider="getTreaTestData" finished-at="2018-08-21T18:16:53Z">
          <params>
            <param index="0">
              <value>
                <![CDATA[Fixed]]>
              </value>
            </param>
            <param index="1">
              <value>
                <![CDATA[Warehouse Test]]>
              </value>
            </param>
            <param index="2">
              <value>
                <![CDATA[WT]]>
              </value>
            </param>
            <param index="3">
              <value>
                <![CDATA[Viman Nagar, Pune, Maharashtra, India]]>
              </value>
            </param>
            <param index="4">
              <value>
                <![CDATA[WingA]]>
              </value>
            </param>
            <param index="5">
              <value>
                <![CDATA[Named]]>
              </value>
            </param>
            <param index="6">
              <value>
                <![CDATA[NE]]>
              </value>
            </param>
          </params>
          <reporter-output>
          </reporter-output>
        </test-method> <!-- DeleteLocation -->
        <test-method status="PASS" signature="tearDown()[pri:0, instance:com.erp.qa.testcases.Admin.LocationsPageTest@dafa95]" name="tearDown" is-config="true" duration-ms="611" started-at="2018-08-21T18:16:53Z" finished-at="2018-08-21T18:16:53Z">
          <reporter-output>
          </reporter-output>
        </test-method> <!-- tearDown -->
      </class> <!-- com.erp.qa.testcases.Admin.LocationsPageTest -->
    </test> <!-- Default test -->
  </suite> <!-- Default suite -->
</testng-results>
